1686211344601	geckodriver	INFO	Listening on 127.0.0.1:53837
1686211347624	mozrunner::runner	INFO	Running command: "C:\\Program Files\\Mozilla Firefox\\firefox.exe" "--marionette" "-no-remote" "-profile" "C:\\Users\\admin\\AppData\\Local\\Temp\\rust_mozprofileyu4ELp"
console.warn: services.settings: Ignoring preference override of remote settings server
console.warn: services.settings: Allow by setting MOZ_REMOTE_SETTINGS_DEVTOOLS=1 in the environment
1686211347815	Marionette	INFO	Marionette enabled
Dynamically enable window occlusion 0
1686211347818	Marionette	INFO	Listening on port 53848
Read port: 53848
1686211347887	RemoteAgent	WARN	TLS certificate errors will be ignored for this session
console.warn: LoginRecipes: "Falling back to a synchronous message for: http://localhost."
console.warn: LoginRecipes: "Falling back to a synchronous message for: http://localhost."
1686211351050	Marionette	INFO	Stopped listening on port 53848
Dynamically enable window occlusion 1
console.error: (new AbortError("Actor 'LoginManager' destroyed before query 'PasswordManager:findLogins' was resolved", (void 0)))
console.error: (new Error("IndexedDB: main/password-recipes list() IndexedDB:  execute() The application is shutting down", "resource://services-settings/IDBHelpers.jsm", 18))
1686211406308	geckodriver	INFO	Listening on 127.0.0.1:53920
1686211409345	mozrunner::runner	INFO	Running command: "C:\\Program Files\\Mozilla Firefox\\firefox.exe" "--marionette" "-no-remote" "-profile" "C:\\Users\\admin\\AppData\\Local\\Temp\\rust_mozprofilepQs7xr"
console.warn: services.settings: Ignoring preference override of remote settings server
console.warn: services.settings: Allow by setting MOZ_REMOTE_SETTINGS_DEVTOOLS=1 in the environment
1686211409520	Marionette	INFO	Marionette enabled
Dynamically enable window occlusion 0
1686211409522	Marionette	INFO	Listening on port 53933
Read port: 53933
1686211409593	RemoteAgent	WARN	TLS certificate errors will be ignored for this session
console.warn: LoginRecipes: "Falling back to a synchronous message for: http://localhost."
console.warn: LoginRecipes: "Falling back to a synchronous message for: http://localhost."
1686211412472	Marionette	INFO	Stopped listening on port 53933
Dynamically enable window occlusion 1
console.error: (new AbortError("Actor 'LoginManager' destroyed before query 'PasswordManager:findLogins' was resolved", (void 0)))
console.error: (new AbortError("IndexedDB: main/password-recipes list() IndexedDB:  execute() A request was aborted, for example through a call to IDBTransaction.abort.", "resource://services-settings/IDBHelpers.jsm", 18))
1686211436575	geckodriver	INFO	Listening on 127.0.0.1:53986
1686211439590	mozrunner::runner	INFO	Running command: "C:\\Program Files\\Mozilla Firefox\\firefox.exe" "--marionette" "-no-remote" "-profile" "C:\\Users\\admin\\AppData\\Local\\Temp\\rust_mozprofiled1ziB0"
console.warn: services.settings: Ignoring preference override of remote settings server
console.warn: services.settings: Allow by setting MOZ_REMOTE_SETTINGS_DEVTOOLS=1 in the environment
1686211439763	Marionette	INFO	Marionette enabled
Dynamically enable window occlusion 0
1686211439767	Marionette	INFO	Listening on port 53996
Read port: 53996
1686211439838	RemoteAgent	WARN	TLS certificate errors will be ignored for this session
console.warn: LoginRecipes: "Falling back to a synchronous message for: http://localhost."
console.warn: LoginRecipes: "Falling back to a synchronous message for: http://localhost."
1686211471480	Marionette	INFO	Stopped listening on port 53996
Dynamically enable window occlusion 1
1686211515921	geckodriver	INFO	Listening on 127.0.0.1:54079
1686211518926	mozrunner::runner	INFO	Running command: "C:\\Program Files\\Mozilla Firefox\\firefox.exe" "--marionette" "-no-remote" "-profile" "C:\\Users\\admin\\AppData\\Local\\Temp\\rust_mozprofile6s5w7r"
console.warn: services.settings: Ignoring preference override of remote settings server
console.warn: services.settings: Allow by setting MOZ_REMOTE_SETTINGS_DEVTOOLS=1 in the environment
1686211519097	Marionette	INFO	Marionette enabled
Dynamically enable window occlusion 0
1686211519100	Marionette	INFO	Listening on port 54089
Read port: 54089
1686211519225	RemoteAgent	WARN	TLS certificate errors will be ignored for this session
console.warn: LoginRecipes: "Falling back to a synchronous message for: http://localhost."
console.warn: LoginRecipes: "Falling back to a synchronous message for: http://localhost."
1686211521966	Marionette	INFO	Stopped listening on port 54089
Dynamically enable window occlusion 1
console.error: (new AbortError("Actor 'LoginManager' destroyed before query 'PasswordManager:findLogins' was resolved", (void 0)))
console.error: (new AbortError("IndexedDB: main/password-recipes list() IndexedDB:  execute() A request was aborted, for example through a call to IDBTransaction.abort.", "resource://services-settings/IDBHelpers.jsm", 18))
